2020-04-27 14:31:18.743  INFO 20080 --- [main] com.trebuchet.TrebuchetApplication       : Starting TrebuchetApplication on DESKTOP-ANDREAS with PID 20080 (C:\Users\admin\IdeaProjects\Trebuchet_Backend\target\classes started by admin in C:\Users\admin\IdeaProjects\Trebuchet_Backend)
2020-04-27 14:31:18.748  INFO 20080 --- [main] com.trebuchet.TrebuchetApplication       : No active profile set, falling back to default profiles: default
2020-04-27 14:31:19.128  INFO 20080 --- [main] .s.d.r.c.RepositoryConfigurationDelegate : Bootstrapping Spring Data JPA repositories in DEFAULT mode.
2020-04-27 14:31:19.170  INFO 20080 --- [main] .s.d.r.c.RepositoryConfigurationDelegate : Finished Spring Data repository scanning in 35ms. Found 1 JPA repository interfaces.
2020-04-27 14:31:19.361  INFO 20080 --- [main] trationDelegate$BeanPostProcessorChecker : Bean 'org.springframework.ws.config.annotation.DelegatingWsConfiguration' of type [org.springframework.ws.config.annotation.DelegatingWsConfiguration$$EnhancerBySpringCGLIB$$1e456f2c] is not eligible for getting processed by all BeanPostProcessors (for example: not eligible for auto-proxying)
2020-04-27 14:31:19.400  INFO 20080 --- [main] .w.s.a.s.AnnotationActionEndpointMapping : Supporting [WS-Addressing August 2004, WS-Addressing 1.0]
2020-04-27 14:31:19.546  INFO 20080 --- [main] o.s.b.w.embedded.tomcat.TomcatWebServer  : Tomcat initialized with port(s): 8080 (http)
2020-04-27 14:31:19.556  INFO 20080 --- [main] o.apache.catalina.core.StandardService   : Starting service [Tomcat]
2020-04-27 14:31:19.557  INFO 20080 --- [main] org.apache.catalina.core.StandardEngine  : Starting Servlet engine: [Apache Tomcat/9.0.31]
2020-04-27 14:31:19.634  INFO 20080 --- [main] o.a.c.c.C.[Tomcat].[localhost].[/]       : Initializing Spring embedded WebApplicationContext
2020-04-27 14:31:19.635  INFO 20080 --- [main] o.s.web.context.ContextLoader            : Root WebApplicationContext: initialization completed in 861 ms
2020-04-27 14:31:19.718  INFO 20080 --- [main] o.hibernate.jpa.internal.util.LogHelper  : HHH000204: Processing PersistenceUnitInfo [name: default]
2020-04-27 14:31:19.765  INFO 20080 --- [main] org.hibernate.Version                    : HHH000412: Hibernate ORM core version 5.4.12.Final
2020-04-27 14:31:19.847  INFO 20080 --- [main] o.hibernate.annotations.common.Version   : HCANN000001: Hibernate Commons Annotations {5.1.0.Final}
2020-04-27 14:31:19.912  INFO 20080 --- [main] com.zaxxer.hikari.HikariDataSource       : HikariPool-1 - Starting...
2020-04-27 14:31:19.973  INFO 20080 --- [main] com.zaxxer.hikari.HikariDataSource       : HikariPool-1 - Start completed.
2020-04-27 14:31:19.985  INFO 20080 --- [main] org.hibernate.dialect.Dialect            : HHH000400: Using dialect: org.hibernate.dialect.MariaDB10Dialect
2020-04-27 14:31:20.340  INFO 20080 --- [main] o.h.e.t.j.p.i.JtaPlatformInitiator       : HHH000490: Using JtaPlatform implementation: [org.hibernate.engine.transaction.jta.platform.internal.NoJtaPlatform]
2020-04-27 14:31:20.344  INFO 20080 --- [main] j.LocalContainerEntityManagerFactoryBean : Initialized JPA EntityManagerFactory for persistence unit 'default'
2020-04-27 14:31:20.576  INFO 20080 --- [main] c.trebuchet.database.DataBaseController  : Start Trending for: Server Raum
2020-04-27 14:31:20.576  INFO 20080 --- [main] c.trebuchet.database.DataBaseController  : Start Trending for: Büro
2020-04-27 14:31:20.613  INFO 20080 --- [main] o.s.s.concurrent.ThreadPoolTaskExecutor  : Initializing ExecutorService 'clientInboundChannelExecutor'
2020-04-27 14:31:20.618  INFO 20080 --- [main] o.s.s.concurrent.ThreadPoolTaskExecutor  : Initializing ExecutorService 'clientOutboundChannelExecutor'
2020-04-27 14:31:20.628  INFO 20080 --- [main] com.trebuchet.controller.WsController    : Start Streaming devices
2020-04-27 14:31:20.635  INFO 20080 --- [main] o.s.s.c.ThreadPoolTaskScheduler          : Initializing ExecutorService 'messageBrokerTaskScheduler'
2020-04-27 14:31:20.650  INFO 20080 --- [main] o.s.s.concurrent.ThreadPoolTaskExecutor  : Initializing ExecutorService 'brokerChannelExecutor'
2020-04-27 14:31:20.837  INFO 20080 --- [main] o.s.m.s.b.SimpleBrokerMessageHandler     : Starting...
2020-04-27 14:31:20.837  INFO 20080 --- [main] o.s.m.s.b.SimpleBrokerMessageHandler     : BrokerAvailabilityEvent[available=true, SimpleBrokerMessageHandler [DefaultSubscriptionRegistry[cache[0 destination(s)], registry[0 sessions]]]]
2020-04-27 14:31:20.837  INFO 20080 --- [main] o.s.m.s.b.SimpleBrokerMessageHandler     : Started.
2020-04-27 14:31:21.062  INFO 20080 --- [main] o.s.b.w.embedded.tomcat.TomcatWebServer  : Tomcat started on port(s): 8080 (http) with context path ''
2020-04-27 14:31:21.063  INFO 20080 --- [main] com.trebuchet.TrebuchetApplication       : Started TrebuchetApplication in 2.545 seconds (JVM running for 3.241)
2020-04-27 14:31:28.844  INFO 20080 --- [http-nio-8080-exec-1] o.a.c.c.C.[Tomcat].[localhost].[/]       : Initializing Spring DispatcherServlet 'dispatcherServlet'
2020-04-27 14:31:28.845  INFO 20080 --- [http-nio-8080-exec-1] o.s.web.servlet.DispatcherServlet        : Initializing Servlet 'dispatcherServlet'
2020-04-27 14:31:28.850  INFO 20080 --- [http-nio-8080-exec-1] o.s.web.servlet.DispatcherServlet        : Completed initialization in 4 ms
2020-04-27 14:32:20.650  INFO 20080 --- [MessageBroker-1] o.s.w.s.c.WebSocketMessageBrokerStats    : WebSocketSession[0 current WS(0)-HttpStream(0)-HttpPoll(0), 0 total, 0 closed abnormally (0 connect failure, 0 send limit, 0 transport error)], stompSubProtocol[processed CONNECT(0)-CONNECTED(0)-DISCONNECT(0)], stompBrokerRelay[null], inboundChannel[pool size = 0, active threads = 0, queued tasks = 0, completed tasks = 0], outboundChannel[pool size = 0, active threads = 0, queued tasks = 0, completed tasks = 0], sockJsScheduler[pool size = 1, active threads = 1, queued tasks = 0, completed tasks = 0]
